{
  "camera_ap": "hosts/Server/DeviceIpint.1/SourceEndpoint.video:0:0",
  "storage_source": "hosts/Server/MultimediaStorage.AliceBlue/Sources/src.7C1B331F-7A7A-4430-E24E-897430388100",
  "results": [
    {
      "topic": "legacy_http_camera_statistics",
      "status": 200,
      "ok": true
    },
    {
      "topic": "grpc_get_active_alerts",
      "status": 200
    },
    {
      "topic": "grpc_group_manager_list_groups",
      "status": 200
    },
    {
      "topic": "grpc_batch_get_active_alerts",
      "status": 200
    },
    {
      "topic": "grpc_time_zone_get",
      "status": 200
    },
    {
      "topic": "grpc_time_zones_batch_get",
      "status": 200
    },
    {
      "topic": "grpc_archive_get_calendar",
      "status": 200
    },
    {
      "topic": "rest_current_user",
      "status": 200,
      "ok": true
    },
    {
      "topic": "grpc_auth_renew_session",
      "status": 200
    },
    {
      "topic": "grpc_auth_renew_session2",
      "status": 200
    },
    {
      "topic": "grpc_auth_close_session",
      "status": 200
    }
  ]
}
